Reading netlist file: "C:\Users\ahmet\OneDrive\Belgeler\led_light_counter\impl\gwsynthesis\led_light_counter.vg"
Parsing netlist file "C:\Users\ahmet\OneDrive\Belgeler\led_light_counter\impl\gwsynthesis\led_light_counter.vg" completed
Processing netlist completed
Reading constraint file: "C:\Users\ahmet\OneDrive\Belgeler\led_light_counter\src\led_light_counter.cst"
Physical Constraint parsed completed
Running placement......
[10%] Placement Phase 0 completed
[20%] Placement Phase 1 completed
[30%] Placement Phase 2 completed
[50%] Placement Phase 3 completed
Running routing......
[60%] Routing Phase 0 completed
[70%] Routing Phase 1 completed
[80%] Routing Phase 2 completed
[90%] Routing Phase 3 completed
Running timing analysis......
[95%] Timing analysis completed
Placement and routing completed
Bitstream generation in progress......
Bitstream generation completed
Running power analysis......
[100%] Power analysis completed
Generate file "C:\Users\ahmet\OneDrive\Belgeler\led_light_counter\impl\pnr\led_light_counter.power.html" completed
Generate file "C:\Users\ahmet\OneDrive\Belgeler\led_light_counter\impl\pnr\led_light_counter.pin.html" completed
Generate file "C:\Users\ahmet\OneDrive\Belgeler\led_light_counter\impl\pnr\led_light_counter.rpt.html" completed
Generate file "C:\Users\ahmet\OneDrive\Belgeler\led_light_counter\impl\pnr\led_light_counter.rpt.txt" completed
Generate file "C:\Users\ahmet\OneDrive\Belgeler\led_light_counter\impl\pnr\led_light_counter.tr.html" completed
Fri Apr 14 16:02:24 2023

